<?xml version="1.0" encoding="UTF-8"?>
<!-- Generated by org.testng.reporters.JUnitReportReporter -->
<testsuite skipped="0" hostname="HW2204" name="com.application.scripts.SignInScript" tests="1" failures="0" timestamp="31 Oct 2017 11:18:59 GMT" time="47.597" errors="0">
  <testcase name="SignIn" time="47.597" classname="com.application.scripts.SignInScript"/>
</testsuite> <!-- com.application.scripts.SignInScript -->
