<?xml version="1.0" encoding="UTF-8"?>
<!-- Generated by org.testng.reporters.JUnitReportReporter -->
<testsuite skipped="0" hostname="CTLINDT-0804" name="com.application.scripts.Threesecn" tests="1" failures="0" timestamp="27 Oct 2017 09:57:12 GMT" time="39.701" errors="0">
  <testcase name="callingAll" time="39.701" classname="com.application.scripts.Threesecn"/>
</testsuite> <!-- com.application.scripts.Threesecn -->
