<?xml version="1.0" encoding="UTF-8"?>
<!-- Generated by org.testng.reporters.JUnitReportReporter -->
<testsuite skipped="0" hostname="CTLINDT-0804" name="com.objectRepository.ErrorHandling" tests="1" failures="0" timestamp="14 Sep 2017 05:46:09 GMT" time="16.947" errors="0">
  <testcase name="loginErrorHandle" time="16.947" classname="com.objectRepository.ErrorHandling"/>
</testsuite> <!-- com.objectRepository.ErrorHandling -->
