<?xml version="1.0" encoding="UTF-8"?>
<!-- Generated by org.testng.reporters.JUnitReportReporter -->
<testsuite skipped="0" hostname="CTLINDT-0804" name="com.application.scripts.NewTest" tests="1" failures="0" timestamp="14 Sep 2017 14:30:41 GMT" time="31.631" errors="0">
  <testcase name="f" time="31.631" classname="com.application.scripts.NewTest"/>
</testsuite> <!-- com.application.scripts.NewTest -->
