<?xml version="1.0" encoding="UTF-8"?>
<!-- Generated by org.testng.reporters.JUnitReportReporter -->
<testsuite skipped="0" hostname="CTLINDT-0804" name="com.application.scripts.Viewallstores" tests="1" failures="0" timestamp="27 Oct 2017 13:59:07 GMT" time="75.203" errors="0">
  <testcase name="storesFind" time="75.203" classname="com.application.scripts.Viewallstores"/>
</testsuite> <!-- com.application.scripts.Viewallstores -->
