<?xml version="1.0" encoding="UTF-8"?>
<!-- Generated by org.testng.reporters.JUnitReportReporter -->
<testsuite skipped="0" hostname="CTLINDT-0804" name="com.objectRepository.SearchAmbest" tests="1" failures="0" timestamp="14 Sep 2017 10:36:59 GMT" time="14.590" errors="0">
  <testcase name="search" time="14.590" classname="com.objectRepository.SearchAmbest"/>
</testsuite> <!-- com.objectRepository.SearchAmbest -->
