<?xml version="1.0" encoding="UTF-8"?>
<!-- Generated by org.testng.reporters.JUnitReportReporter -->
<testsuite skipped="0" hostname="HW2204" name="com.application.scripts.OrderAndAppointment" tests="1" failures="0" timestamp="31 Oct 2017 14:58:12 GMT" time="76.979" errors="0">
  <testcase name="SignIn" time="76.979" classname="com.application.scripts.OrderAndAppointment"/>
</testsuite> <!-- com.application.scripts.OrderAndAppointment -->
