<?xml version="1.0" encoding="UTF-8"?>
<!-- Generated by org.testng.reporters.JUnitReportReporter -->
<testsuite skipped="0" hostname="DSHYD-120" name="com.application.scripts.ContactLensesOrder" tests="1" failures="0" timestamp="03 Nov 2017 09:44:00 GMT" time="33.248" errors="0">
  <testcase name="signInTest" time="33.248" classname="com.application.scripts.ContactLensesOrder"/>
</testsuite> <!-- com.application.scripts.ContactLensesOrder -->
