<?xml version="1.0" encoding="UTF-8"?>
<!-- Generated by org.testng.reporters.JUnitReportReporter -->
<testsuite skipped="0" hostname="HW2204" name="com.application.scripts.MyAccountAddPayment" tests="1" failures="0" timestamp="31 Oct 2017 04:50:01 GMT" time="66.172" errors="0">
  <testcase name="addPaymentMyAccount" time="66.172" classname="com.application.scripts.MyAccountAddPayment"/>
</testsuite> <!-- com.application.scripts.MyAccountAddPayment -->
