<?xml version="1.0" encoding="UTF-8"?>
<!-- Generated by org.testng.reporters.JUnitReportReporter -->
<testsuite skipped="0" hostname="CTLINDT-0804" name="com.application.scripts.MyAccountAddSupportTicket" tests="1" failures="0" timestamp="27 Oct 2017 11:17:29 GMT" time="45.633" errors="0">
  <testcase name="addSupportTicketMyAccount" time="45.633" classname="com.application.scripts.MyAccountAddSupportTicket"/>
</testsuite> <!-- com.application.scripts.MyAccountAddSupportTicket -->
