<?xml version="1.0" encoding="UTF-8"?>
<!-- Generated by org.testng.reporters.JUnitReportReporter -->
<testsuite skipped="0" hostname="CTLINDT-0804" name="com.application.scripts.AccountCreation" tests="1" failures="0" timestamp="10 Oct 2017 09:31:52 GMT" time="52.112" errors="0">
  <testcase name="AccountCreate" time="52.112" classname="com.application.scripts.AccountCreation"/>
</testsuite> <!-- com.application.scripts.AccountCreation -->
