<?xml version="1.0" encoding="UTF-8"?>
<!-- Generated by org.testng.reporters.JUnitReportReporter -->
<testsuite name="com.application.scripts.AddProductToWishList" tests="1" time="31.569" ignored="12" failures="0" timestamp="06 Feb 2017 11:32:58 GMT" skipped="0" hostname="HW1242" errors="0">
  <testcase name="addProductToWishList" time="31.569" classname="com.application.scripts.AddProductToWishList"/>
  <testcase name="suiteFirst" classname="com.accelerators.TestEngine">
    <skipped/>
  </testcase> <!-- suiteFirst -->
  <testcase name="suiteFirst" classname="com.accelerators.TestEngine">
    <skipped/>
  </testcase> <!-- suiteFirst -->
  <testcase name="suiteFirst" classname="com.accelerators.TestEngine">
    <skipped/>
  </testcase> <!-- suiteFirst -->
  <testcase name="tearDownFirefox" classname="com.accelerators.TestEngine">
    <skipped/>
  </testcase> <!-- tearDownFirefox -->
  <testcase name="tearDownFirefox" classname="com.accelerators.TestEngine">
    <skipped/>
  </testcase> <!-- tearDownFirefox -->
  <testcase name="tearDownFirefox" classname="com.accelerators.TestEngine">
    <skipped/>
  </testcase> <!-- tearDownFirefox -->
  <testcase name="first1" classname="com.accelerators.TestEngine">
    <skipped/>
  </testcase> <!-- first1 -->
  <testcase name="first1" classname="com.accelerators.TestEngine">
    <skipped/>
  </testcase> <!-- first1 -->
  <testcase name="first1" classname="com.accelerators.TestEngine">
    <skipped/>
  </testcase> <!-- first1 -->
  <testcase name="first" classname="com.accelerators.TestEngine">
    <skipped/>
  </testcase> <!-- first -->
  <testcase name="first" classname="com.accelerators.TestEngine">
    <skipped/>
  </testcase> <!-- first -->
  <testcase name="first" classname="com.accelerators.TestEngine">
    <skipped/>
  </testcase> <!-- first -->
</testsuite> <!-- com.application.scripts.AddProductToWishList -->
