<?xml version="1.0" encoding="UTF-8"?>
<!-- Generated by org.testng.reporters.JUnitReportReporter -->
<testsuite skipped="0" hostname="CTLINDT-0804" name="com.application.scripts.MyAccountAddAddress" tests="1" failures="0" timestamp="27 Oct 2017 09:47:21 GMT" time="58.341" errors="0">
  <testcase name="addAddressMyAccount" time="58.341" classname="com.application.scripts.MyAccountAddAddress"/>
</testsuite> <!-- com.application.scripts.MyAccountAddAddress -->
