<?xml version="1.0" encoding="UTF-8"?>
<!-- Generated by org.testng.reporters.JUnitReportReporter -->
<testsuite skipped="0" hostname="CTLINDT-0804" name="com.application.scripts.Rough" tests="1" failures="0" timestamp="15 Sep 2017 05:46:02 GMT" time="183.969" errors="0">
  <testcase name="mensCategory" time="183.969" classname="com.application.scripts.Rough"/>
</testsuite> <!-- com.application.scripts.Rough -->
