<?xml version="1.0" encoding="UTF-8"?>
<!-- Generated by org.testng.reporters.JUnitReportReporter -->
<testsuite skipped="0" hostname="HW2204" name="com.application.scripts.VerifyAddNewPatient" tests="1" failures="0" timestamp="01 Nov 2017 07:40:37 GMT" time="124.267" errors="0">
  <testcase name="SignIn" time="124.267" classname="com.application.scripts.VerifyAddNewPatient"/>
</testsuite> <!-- com.application.scripts.VerifyAddNewPatient -->
