<?xml version="1.0" encoding="UTF-8"?>
<!-- Generated by org.testng.reporters.JUnitReportReporter -->
<testsuite skipped="0" hostname="CTLINDT-0804" name="com.application.scripts.Googlepage" tests="1" failures="0" timestamp="15 Sep 2017 05:13:51 GMT" time="128.235" errors="0">
  <testcase name="signInTest" time="128.235" classname="com.application.scripts.Googlepage"/>
</testsuite> <!-- com.application.scripts.Googlepage -->
